<?xml version="1.0" encoding="UTF-8"?>
<!-- Generated by org.testng.reporters.JUnitReportReporter -->
<testsuite hostname="ALIPL5009" name="test.ExtentReportTestngDemo" tests="1" failures="0" timestamp="8 Feb 2019 08:22:44 GMT" time="1.957" errors="0">
  <testcase name="test1" time="1.957" classname="test.ExtentReportTestngDemo"/>
</testsuite> <!-- test.ExtentReportTestngDemo -->
